android/app/build/intermediates/manifest_merge_blame_file/debug/manifest-merger-blame-debug-report.txt
1<?xml version="1.0" encoding="utf-8"?>
2<manifest xmlns:android="http://schemas.android.com/apk/res/android"
3    package="com.example.ahmad"
4    android:versionCode="1"
5    android:versionName="1.0.0" >
6
7    <uses-sdk
8        android:minSdkVersion="21"
9        android:targetSdkVersion="34" />
10    <!--
11         The INTERNET permission is required for development. Specifically,
12         the Flutter tool needs it to communicate with the running application
13         to allow setting breakpoints, to provide hot reload, etc.
14    -->
15    <uses-permission android:name="android.permission.INTERNET" />
15-->src\debug\AndroidManifest.xml:6:5-66
15-->src\debug\AndroidManifest.xml:6:22-64
16    <!--
17     Required to query activities that can process text, see:
18         https://developer.android.com/training/package-visibility and
19         https://developer.android.com/reference/android/content/Intent#ACTION_PROCESS_TEXT.
20
21         In particular, this is used by the Flutter engine in io.flutter.plugin.text.ProcessTextPlugin.
22    -->
23    <queries>
23-->src\main\AndroidManifest.xml:39:5-44:15
24        <intent>
24-->src\main\AndroidManifest.xml:40:9-43:18
25            <action android:name="android.intent.action.PROCESS_TEXT" />
25-->src\main\AndroidManifest.xml:41:13-72
25-->src\main\AndroidManifest.xml:41:21-70
26
27            <data android:mimeType="text/plain" />
27-->src\main\AndroidManifest.xml:42:13-50
27-->src\main\AndroidManifest.xml:42:19-48
28        </intent>
29        <intent>
29-->[:file_picker] AndroidManifest.xml:14:9-18:18
30            <action android:name="android.intent.action.GET_CONTENT" />
30-->[:file_picker] AndroidManifest.xml:15:13-72
30-->[:file_picker] AndroidManifest.xml:15:21-69
31
32            <data android:mimeType="*/*" />
32-->src\main\AndroidManifest.xml:42:13-50
32-->src\main\AndroidManifest.xml:42:19-48
33        </intent>
34    </queries>
35
36    <uses-permission
36-->[:file_picker] AndroidManifest.xml:9:5-11:38
37        android:name="android.permission.READ_EXTERNAL_STORAGE"
37-->[:file_picker] AndroidManifest.xml:10:9-64
38        android:maxSdkVersion="32" />
38-->[:file_picker] AndroidManifest.xml:11:9-35
39
40    <permission
40-->[androidx.core:core:1.10.1] AndroidManifest.xml:22:5-24:47
41        android:name="com.example.ahmad.DYNAMIC_RECEIVER_NOT_EXPORTED_PERMISSION"
41-->[androidx.core:core:1.10.1] AndroidManifest.xml:23:9-81
42        android:protectionLevel="signature" />
42-->[androidx.core:core:1.10.1] AndroidManifest.xml:24:9-44
43
44    <uses-permission android:name="com.example.ahmad.DYNAMIC_RECEIVER_NOT_EXPORTED_PERMISSION" />
44-->[androidx.core:core:1.10.1] AndroidManifest.xml:26:5-97
44-->[androidx.core:core:1.10.1] AndroidManifest.xml:26:22-94
45
46    <application
47        android:name="android.app.Application"
48        android:appComponentFactory="androidx.core.app.CoreComponentFactory"
48-->[androidx.core:core:1.10.1] AndroidManifest.xml:28:18-86
49        android:debuggable="true"
50        android:icon="@mipmap/ic_launcher"
51        android:label="ahmad" >
52        <activity
53            android:name="com.example.ahmad.MainActivity"
54            android:configChanges="orientation|keyboardHidden|keyboard|screenSize|smallestScreenSize|locale|layoutDirection|fontScale|screenLayout|density|uiMode"
55            android:exported="true"
56            android:hardwareAccelerated="true"
57            android:launchMode="singleTop"
58            android:taskAffinity=""
59            android:theme="@style/LaunchTheme"
60            android:windowSoftInputMode="adjustResize" >
61
62            <!--
63                 Specifies an Android theme to apply to this Activity as soon as
64                 the Android process has started. This theme is visible to the user
65                 while the Flutter UI initializes. After that, this theme continues
66                 to determine the Window background behind the Flutter UI.
67            -->
68            <meta-data
69                android:name="io.flutter.embedding.android.NormalTheme"
70                android:resource="@style/NormalTheme" />
71
72            <intent-filter>
73                <action android:name="android.intent.action.MAIN" />
74
75                <category android:name="android.intent.category.LAUNCHER" />
76            </intent-filter>
77        </activity>
78        <!--
79             Don't delete the meta-data below.
80             This is used by the Flutter tool to generate GeneratedPluginRegistrant.java
81        -->
82        <meta-data
83            android:name="flutterEmbedding"
84            android:value="2" />
85
86        <provider
86-->[:image_picker_android] AndroidManifest.xml:11:9-19:20
87            android:name="io.flutter.plugins.imagepicker.ImagePickerFileProvider"
87-->[:image_picker_android] AndroidManifest.xml:12:13-82
88            android:authorities="com.example.ahmad.flutter.image_provider"
88-->[:image_picker_android] AndroidManifest.xml:13:13-74
89            android:exported="false"
89-->[:image_picker_android] AndroidManifest.xml:14:13-37
90            android:grantUriPermissions="true" >
90-->[:image_picker_android] AndroidManifest.xml:15:13-47
91            <meta-data
91-->[:image_picker_android] AndroidManifest.xml:16:13-18:75
92                android:name="android.support.FILE_PROVIDER_PATHS"
92-->[:image_picker_android] AndroidManifest.xml:17:17-67
93                android:resource="@xml/flutter_image_picker_file_paths" />
93-->[:image_picker_android] AndroidManifest.xml:18:17-72
94        </provider> <!-- Trigger Google Play services to install the backported photo picker module. -->
95        <service
95-->[:image_picker_android] AndroidManifest.xml:21:9-33:19
96            android:name="com.google.android.gms.metadata.ModuleDependencies"
96-->[:image_picker_android] AndroidManifest.xml:22:13-78
97            android:enabled="false"
97-->[:image_picker_android] AndroidManifest.xml:23:13-36
98            android:exported="false" >
98-->[:image_picker_android] AndroidManifest.xml:24:13-37
99            <intent-filter>
99-->[:image_picker_android] AndroidManifest.xml:26:13-28:29
100                <action android:name="com.google.android.gms.metadata.MODULE_DEPENDENCIES" />
100-->[:image_picker_android] AndroidManifest.xml:27:17-94
100-->[:image_picker_android] AndroidManifest.xml:27:25-91
101            </intent-filter>
102
103            <meta-data
103-->[:image_picker_android] AndroidManifest.xml:30:13-32:36
104                android:name="photopicker_activity:0:required"
104-->[:image_picker_android] AndroidManifest.xml:31:17-63
105                android:value="" />
105-->[:image_picker_android] AndroidManifest.xml:32:17-33
106        </service>
107
108        <provider
108-->[:open_file] AndroidManifest.xml:11:9-20:20
109            android:name="com.crazecoder.openfile.FileProvider"
109-->[:open_file] AndroidManifest.xml:12:13-64
110            android:authorities="com.example.ahmad.fileProvider.com.crazecoder.openfile"
110-->[:open_file] AndroidManifest.xml:13:13-88
111            android:exported="false"
111-->[:open_file] AndroidManifest.xml:14:13-37
112            android:grantUriPermissions="true" >
112-->[:open_file] AndroidManifest.xml:15:13-47
113            <meta-data
113-->[:image_picker_android] AndroidManifest.xml:16:13-18:75
114                android:name="android.support.FILE_PROVIDER_PATHS"
114-->[:image_picker_android] AndroidManifest.xml:17:17-67
115                android:resource="@xml/filepaths" />
115-->[:image_picker_android] AndroidManifest.xml:18:17-72
116        </provider>
117        <provider
117-->[androidx.emoji2:emoji2:1.2.0] AndroidManifest.xml:24:9-32:20
118            android:name="androidx.startup.InitializationProvider"
118-->[androidx.emoji2:emoji2:1.2.0] AndroidManifest.xml:25:13-67
119            android:authorities="com.example.ahmad.androidx-startup"
119-->[androidx.emoji2:emoji2:1.2.0] AndroidManifest.xml:26:13-68
120            android:exported="false" >
120-->[androidx.emoji2:emoji2:1.2.0] AndroidManifest.xml:27:13-37
121            <meta-data
121-->[androidx.emoji2:emoji2:1.2.0] AndroidManifest.xml:29:13-31:52
122                android:name="androidx.emoji2.text.EmojiCompatInitializer"
122-->[androidx.emoji2:emoji2:1.2.0] AndroidManifest.xml:30:17-75
123                android:value="androidx.startup" />
123-->[androidx.emoji2:emoji2:1.2.0] AndroidManifest.xml:31:17-49
124            <meta-data
124-->[androidx.lifecycle:lifecycle-process:2.6.1] AndroidManifest.xml:29:13-31:52
125                android:name="androidx.lifecycle.ProcessLifecycleInitializer"
125-->[androidx.lifecycle:lifecycle-process:2.6.1] AndroidManifest.xml:30:17-78
126                android:value="androidx.startup" />
126-->[androidx.lifecycle:lifecycle-process:2.6.1] AndroidManifest.xml:31:17-49
127            <meta-data
127-->[androidx.profileinstaller:profileinstaller:1.3.0] AndroidManifest.xml:29:13-31:52
128                android:name="androidx.profileinstaller.ProfileInstallerInitializer"
128-->[androidx.profileinstaller:profileinstaller:1.3.0] AndroidManifest.xml:30:17-85
129                android:value="androidx.startup" />
129-->[androidx.profileinstaller:profileinstaller:1.3.0] AndroidManifest.xml:31:17-49
130        </provider>
131
132        <uses-library
132-->[androidx.window:window:1.0.0-beta04] AndroidManifest.xml:25:9-27:40
133            android:name="androidx.window.extensions"
133-->[androidx.window:window:1.0.0-beta04] AndroidManifest.xml:26:13-54
134            android:required="false" />
134-->[androidx.window:window:1.0.0-beta04] AndroidManifest.xml:27:13-37
135        <uses-library
135-->[androidx.window:window:1.0.0-beta04] AndroidManifest.xml:28:9-30:40
136            android:name="androidx.window.sidecar"
136-->[androidx.window:window:1.0.0-beta04] AndroidManifest.xml:29:13-51
137            android:required="false" />
137-->[androidx.window:window:1.0.0-beta04] AndroidManifest.xml:30:13-37
138
139        <receiver
139-->[androidx.profileinstaller:profileinstaller:1.3.0] AndroidManifest.xml:34:9-52:20
140            android:name="androidx.profileinstaller.ProfileInstallReceiver"
140-->[androidx.profileinstaller:profileinstaller:1.3.0] AndroidManifest.xml:35:13-76
141            android:directBootAware="false"
141-->[androidx.profileinstaller:profileinstaller:1.3.0] AndroidManifest.xml:36:13-44
142            android:enabled="true"
142-->[androidx.profileinstaller:profileinstaller:1.3.0] AndroidManifest.xml:37:13-35
143            android:exported="true"
143-->[androidx.profileinstaller:profileinstaller:1.3.0] AndroidManifest.xml:38:13-36
144            android:permission="android.permission.DUMP" >
144-->[androidx.profileinstaller:profileinstaller:1.3.0] AndroidManifest.xml:39:13-57
145            <intent-filter>
145-->[androidx.profileinstaller:profileinstaller:1.3.0] AndroidManifest.xml:40:13-42:29
146                <action android:name="androidx.profileinstaller.action.INSTALL_PROFILE" />
146-->[androidx.profileinstaller:profileinstaller:1.3.0] AndroidManifest.xml:41:17-91
146-->[androidx.profileinstaller:profileinstaller:1.3.0] AndroidManifest.xml:41:25-88
147            </intent-filter>
148            <intent-filter>
148-->[androidx.profileinstaller:profileinstaller:1.3.0] AndroidManifest.xml:43:13-45:29
149                <action android:name="androidx.profileinstaller.action.SKIP_FILE" />
149-->[androidx.profileinstaller:profileinstaller:1.3.0] AndroidManifest.xml:44:17-85
149-->[androidx.profileinstaller:profileinstaller:1.3.0] AndroidManifest.xml:44:25-82
150            </intent-filter>
151            <intent-filter>
151-->[androidx.profileinstaller:profileinstaller:1.3.0] AndroidManifest.xml:46:13-48:29
152                <action android:name="androidx.profileinstaller.action.SAVE_PROFILE" />
152-->[androidx.profileinstaller:profileinstaller:1.3.0] AndroidManifest.xml:47:17-88
152-->[androidx.profileinstaller:profileinstaller:1.3.0] AndroidManifest.xml:47:25-85
153            </intent-filter>
154            <intent-filter>
154-->[androidx.profileinstaller:profileinstaller:1.3.0] AndroidManifest.xml:49:13-51:29
155                <action android:name="androidx.profileinstaller.action.BENCHMARK_OPERATION" />
155-->[androidx.profileinstaller:profileinstaller:1.3.0] AndroidManifest.xml:50:17-95
155-->[androidx.profileinstaller:profileinstaller:1.3.0] AndroidManifest.xml:50:25-92
156            </intent-filter>
157        </receiver>
158    </application>
159
160</manifest>